[20:18:48] [ServerMain/INFO]: Environment: authHost='https://authserver.mojang.com', accountsHost='https://api.mojang.com', sessionHost='https://sessionserver.mojang.com', servicesHost='https://api.minecraftservices.com', name='PROD'
[20:18:50] [ServerMain/INFO]: Loaded 7 recipes
[20:18:51] [Server thread/INFO]: Starting minecraft server version 1.20.1
[20:18:51] [Server thread/INFO]: Loading properties
[20:18:51] [Server thread/INFO]: This server is running CraftBukkit version 3811-Spigot-c62f4bd-85b89c3 (MC: 1.20.1) (Implementing API version 1.20.1-R0.1-SNAPSHOT)
[20:18:51] [Server thread/INFO]: Debug logging is disabled
[20:18:51] [Server thread/INFO]: Server Ping Player Sample Count: 12
[20:18:51] [Server thread/INFO]: Using 4 threads for Netty based IO
[20:18:51] [Server thread/INFO]: Default game type: SURVIVAL
[20:18:51] [Server thread/INFO]: Generating keypair
[20:18:52] [Server thread/INFO]: Starting Minecraft server on *:25565
[20:18:52] [Server thread/INFO]: Using default channel type
[20:18:53] [Server thread/INFO]: [Geyser-Spigot] Loading Geyser-Spigot v2.1.1-SNAPSHOT
[20:18:54] [Server thread/INFO]: [Geyser-Spigot] Loading extensions...
[20:18:54] [Server thread/INFO]: [Geyser-Spigot] Loaded 0 extension(s)
[20:18:54] [Server thread/WARN]: **** SERVER IS RUNNING IN OFFLINE/INSECURE MODE!
[20:18:54] [Server thread/WARN]: The server will make no attempt to authenticate usernames. Beware.
[20:18:54] [Server thread/WARN]: While this makes the game possible to play without internet access, it also opens up the ability for hackers to connect with any username they choose.
[20:18:54] [Server thread/WARN]: To change this, set "online-mode" to "true" in the server.properties file.
[20:18:54] [Server thread/INFO]: Preparing level "world"
[20:18:54] [Server thread/INFO]: -------- World Settings For [world] --------
[20:18:54] [Server thread/INFO]: Arrow Despawn Rate: 1200 Trident Respawn Rate:1200
[20:18:54] [Server thread/INFO]: Item Merge Radius: 2.5
[20:18:54] [Server thread/INFO]: Item Despawn Rate: 6000
[20:18:54] [Server thread/INFO]: Simulation Distance: 10
[20:18:54] [Server thread/INFO]: View Distance: 10
[20:18:54] [Server thread/INFO]: Allow Zombie Pigmen to spawn from portal blocks: true
[20:18:54] [Server thread/INFO]: Cactus Growth Modifier: 100%
[20:18:54] [Server thread/INFO]: Cane Growth Modifier: 100%
[20:18:54] [Server thread/INFO]: Melon Growth Modifier: 100%
[20:18:54] [Server thread/INFO]: Mushroom Growth Modifier: 100%
[20:18:54] [Server thread/INFO]: Pumpkin Growth Modifier: 100%
[20:18:54] [Server thread/INFO]: Sapling Growth Modifier: 100%
[20:18:54] [Server thread/INFO]: Beetroot Growth Modifier: 100%
[20:18:54] [Server thread/INFO]: Carrot Growth Modifier: 100%
[20:18:54] [Server thread/INFO]: Potato Growth Modifier: 100%
[20:18:54] [Server thread/INFO]: Wheat Growth Modifier: 100%
[20:18:54] [Server thread/INFO]: NetherWart Growth Modifier: 100%
[20:18:54] [Server thread/INFO]: Vine Growth Modifier: 100%
[20:18:54] [Server thread/INFO]: Cocoa Growth Modifier: 100%
[20:18:54] [Server thread/INFO]: Bamboo Growth Modifier: 100%
[20:18:54] [Server thread/INFO]: SweetBerry Growth Modifier: 100%
[20:18:54] [Server thread/INFO]: Kelp Growth Modifier: 100%
[20:18:54] [Server thread/INFO]: TwistingVines Growth Modifier: 100%
[20:18:54] [Server thread/INFO]: WeepingVines Growth Modifier: 100%
[20:18:54] [Server thread/INFO]: CaveVines Growth Modifier: 100%
[20:18:54] [Server thread/INFO]: Entity Activation Range: An 32 / Mo 32 / Ra 48 / Mi 16 / Tiv true / Isa false
[20:18:54] [Server thread/INFO]: Hopper Transfer: 8 Hopper Check: 1 Hopper Amount: 1 Hopper Can Load Chunks: false
[20:18:54] [Server thread/INFO]: Entity Tracking Range: Pl 48 / An 48 / Mo 48 / Mi 32 / Di 128 / Other 64
[20:18:54] [Server thread/INFO]: Custom Map Seeds:  Village: 10387312 Desert: 14357617 Igloo: 14357618 Jungle: 14357619 Swamp: 14357620 Monument: 10387313 Ocean: 14357621 Shipwreck: 165745295 End City: 10387313 Slime: 987234911 Nether: 30084232 Mansion: 10387319 Fossil: 14357921 Portal: 34222645
[20:18:54] [Server thread/INFO]: Tile Max Tick Time: 50ms Entity max Tick Time: 50ms
[20:18:54] [Server thread/INFO]: Max TNT Explosions: 100
[20:18:54] [Server thread/INFO]: Nerfing mobs spawned from spawners: false
[20:18:54] [Server thread/INFO]: Zombie Aggressive Towards Villager: true
[20:18:54] [Server thread/INFO]: Mob Spawn Range: 6
[20:18:54] [Server thread/INFO]: Experience Merge Radius: 3.0
[20:18:55] [Server thread/INFO]: -------- World Settings For [world_nether] --------
[20:18:55] [Server thread/INFO]: Arrow Despawn Rate: 1200 Trident Respawn Rate:1200
[20:18:55] [Server thread/INFO]: Item Merge Radius: 2.5
[20:18:55] [Server thread/INFO]: Item Despawn Rate: 6000
[20:18:55] [Server thread/INFO]: Simulation Distance: 10
[20:18:55] [Server thread/INFO]: View Distance: 10
[20:18:55] [Server thread/INFO]: Allow Zombie Pigmen to spawn from portal blocks: true
[20:18:55] [Server thread/INFO]: Cactus Growth Modifier: 100%
[20:18:55] [Server thread/INFO]: Cane Growth Modifier: 100%
[20:18:55] [Server thread/INFO]: Melon Growth Modifier: 100%
[20:18:55] [Server thread/INFO]: Mushroom Growth Modifier: 100%
[20:18:55] [Server thread/INFO]: Pumpkin Growth Modifier: 100%
[20:18:55] [Server thread/INFO]: Sapling Growth Modifier: 100%
[20:18:55] [Server thread/INFO]: Beetroot Growth Modifier: 100%
[20:18:55] [Server thread/INFO]: Carrot Growth Modifier: 100%
[20:18:55] [Server thread/INFO]: Potato Growth Modifier: 100%
[20:18:55] [Server thread/INFO]: Wheat Growth Modifier: 100%
[20:18:55] [Server thread/INFO]: NetherWart Growth Modifier: 100%
[20:18:55] [Server thread/INFO]: Vine Growth Modifier: 100%
[20:18:55] [Server thread/INFO]: Cocoa Growth Modifier: 100%
[20:18:55] [Server thread/INFO]: Bamboo Growth Modifier: 100%
[20:18:55] [Server thread/INFO]: SweetBerry Growth Modifier: 100%
[20:18:55] [Server thread/INFO]: Kelp Growth Modifier: 100%
[20:18:55] [Server thread/INFO]: TwistingVines Growth Modifier: 100%
[20:18:55] [Server thread/INFO]: WeepingVines Growth Modifier: 100%
[20:18:55] [Server thread/INFO]: CaveVines Growth Modifier: 100%
[20:18:55] [Server thread/INFO]: Entity Activation Range: An 32 / Mo 32 / Ra 48 / Mi 16 / Tiv true / Isa false
[20:18:55] [Server thread/INFO]: Hopper Transfer: 8 Hopper Check: 1 Hopper Amount: 1 Hopper Can Load Chunks: false
[20:18:55] [Server thread/INFO]: Entity Tracking Range: Pl 48 / An 48 / Mo 48 / Mi 32 / Di 128 / Other 64
[20:18:55] [Server thread/INFO]: Custom Map Seeds:  Village: 10387312 Desert: 14357617 Igloo: 14357618 Jungle: 14357619 Swamp: 14357620 Monument: 10387313 Ocean: 14357621 Shipwreck: 165745295 End City: 10387313 Slime: 987234911 Nether: 30084232 Mansion: 10387319 Fossil: 14357921 Portal: 34222645
[20:18:55] [Server thread/INFO]: Tile Max Tick Time: 50ms Entity max Tick Time: 50ms
[20:18:55] [Server thread/INFO]: Max TNT Explosions: 100
[20:18:55] [Server thread/INFO]: Nerfing mobs spawned from spawners: false
[20:18:55] [Server thread/INFO]: Zombie Aggressive Towards Villager: true
[20:18:55] [Server thread/INFO]: Mob Spawn Range: 6
[20:18:55] [Server thread/INFO]: Experience Merge Radius: 3.0
[20:18:57] [Server thread/INFO]: -------- World Settings For [world_the_end] --------
[20:18:57] [Server thread/INFO]: Arrow Despawn Rate: 1200 Trident Respawn Rate:1200
[20:18:57] [Server thread/INFO]: Item Merge Radius: 2.5
[20:18:57] [Server thread/INFO]: Item Despawn Rate: 6000
[20:18:57] [Server thread/INFO]: Simulation Distance: 10
[20:18:57] [Server thread/INFO]: View Distance: 10
[20:18:57] [Server thread/INFO]: Allow Zombie Pigmen to spawn from portal blocks: true
[20:18:57] [Server thread/INFO]: Cactus Growth Modifier: 100%
[20:18:57] [Server thread/INFO]: Cane Growth Modifier: 100%
[20:18:57] [Server thread/INFO]: Melon Growth Modifier: 100%
[20:18:57] [Server thread/INFO]: Mushroom Growth Modifier: 100%
[20:18:57] [Server thread/INFO]: Pumpkin Growth Modifier: 100%
[20:18:57] [Server thread/INFO]: Sapling Growth Modifier: 100%
[20:18:57] [Server thread/INFO]: Beetroot Growth Modifier: 100%
[20:18:57] [Server thread/INFO]: Carrot Growth Modifier: 100%
[20:18:57] [Server thread/INFO]: Potato Growth Modifier: 100%
[20:18:57] [Server thread/INFO]: Wheat Growth Modifier: 100%
[20:18:57] [Server thread/INFO]: NetherWart Growth Modifier: 100%
[20:18:57] [Server thread/INFO]: Vine Growth Modifier: 100%
[20:18:57] [Server thread/INFO]: Cocoa Growth Modifier: 100%
[20:18:57] [Server thread/INFO]: Bamboo Growth Modifier: 100%
[20:18:57] [Server thread/INFO]: SweetBerry Growth Modifier: 100%
[20:18:57] [Server thread/INFO]: Kelp Growth Modifier: 100%
[20:18:57] [Server thread/INFO]: TwistingVines Growth Modifier: 100%
[20:18:57] [Server thread/INFO]: WeepingVines Growth Modifier: 100%
[20:18:57] [Server thread/INFO]: CaveVines Growth Modifier: 100%
[20:18:57] [Server thread/INFO]: Entity Activation Range: An 32 / Mo 32 / Ra 48 / Mi 16 / Tiv true / Isa false
[20:18:57] [Server thread/INFO]: Hopper Transfer: 8 Hopper Check: 1 Hopper Amount: 1 Hopper Can Load Chunks: false
[20:18:57] [Server thread/INFO]: Entity Tracking Range: Pl 48 / An 48 / Mo 48 / Mi 32 / Di 128 / Other 64
[20:18:57] [Server thread/INFO]: Custom Map Seeds:  Village: 10387312 Desert: 14357617 Igloo: 14357618 Jungle: 14357619 Swamp: 14357620 Monument: 10387313 Ocean: 14357621 Shipwreck: 165745295 End City: 10387313 Slime: 987234911 Nether: 30084232 Mansion: 10387319 Fossil: 14357921 Portal: 34222645
[20:18:57] [Server thread/INFO]: Tile Max Tick Time: 50ms Entity max Tick Time: 50ms
[20:18:57] [Server thread/INFO]: Max TNT Explosions: 100
[20:18:57] [Server thread/INFO]: Nerfing mobs spawned from spawners: false
[20:18:57] [Server thread/INFO]: Zombie Aggressive Towards Villager: true
[20:18:57] [Server thread/INFO]: Mob Spawn Range: 6
[20:18:57] [Server thread/INFO]: Experience Merge Radius: 3.0
[20:18:57] [Server thread/INFO]: Preparing start region for dimension minecraft:overworld
[20:19:00] [Worker-Main-11/INFO]: Preparing spawn area: 0%
[20:19:00] [Worker-Main-11/INFO]: Preparing spawn area: 0%
[20:19:00] [Worker-Main-11/INFO]: Preparing spawn area: 0%
[20:19:00] [Worker-Main-11/INFO]: Preparing spawn area: 0%
[20:19:00] [Worker-Main-11/INFO]: Preparing spawn area: 0%
[20:19:00] [Worker-Main-11/INFO]: Preparing spawn area: 0%
[20:19:00] [Worker-Main-11/INFO]: Preparing spawn area: 0%
[20:19:00] [Worker-Main-1/INFO]: Preparing spawn area: 0%
[20:19:01] [Worker-Main-11/INFO]: Preparing spawn area: 59%
[20:19:01] [Server thread/INFO]: Time elapsed: 4244 ms
[20:19:01] [Server thread/INFO]: Preparing start region for dimension minecraft:the_nether
[20:19:03] [Worker-Main-1/INFO]: Preparing spawn area: 0%
[20:19:03] [Worker-Main-1/INFO]: Preparing spawn area: 0%
[20:19:03] [Worker-Main-5/INFO]: Preparing spawn area: 0%
[20:19:03] [Worker-Main-5/INFO]: Preparing spawn area: 0%
[20:19:03] [Worker-Main-7/INFO]: Preparing spawn area: 0%
[20:19:04] [Worker-Main-2/INFO]: Preparing spawn area: 0%
[20:19:04] [Server thread/INFO]: Time elapsed: 2903 ms
[20:19:04] [Server thread/INFO]: Preparing start region for dimension minecraft:the_end
[20:19:05] [Worker-Main-9/INFO]: Preparing spawn area: 0%
[20:19:05] [Worker-Main-2/INFO]: Preparing spawn area: 0%
[20:19:05] [Worker-Main-9/INFO]: Preparing spawn area: 0%
[20:19:05] [Worker-Main-5/INFO]: Preparing spawn area: 0%
[20:19:06] [Server thread/INFO]: Time elapsed: 1929 ms
[20:19:06] [Server thread/INFO]: [Geyser-Spigot] Enabling Geyser-Spigot v2.1.1-SNAPSHOT
[20:19:06] [Server thread/INFO]: Server permissions file permissions.yml is empty, ignoring it
[20:19:06] [Server thread/INFO]: [Geyser-Spigot] ******************************************
[20:19:06] [Server thread/INFO]: [Geyser-Spigot] 
[20:19:06] [Server thread/INFO]: [Geyser-Spigot] Loading Geyser version 2.1.1-SNAPSHOT (git-master-50d7f56)
[20:19:06] [Server thread/INFO]: [Geyser-Spigot] 
[20:19:06] [Server thread/INFO]: [Geyser-Spigot] ******************************************
[20:19:09] [Server thread/INFO]: [Geyser-Spigot] Started Geyser on 0.0.0.0:19132
[20:19:09] [Server thread/INFO]: [Geyser-Spigot] Done (3.126s)! Run /geyser help for help!
[20:19:09] [Server thread/INFO]: Done (14.878s)! For help, type "help"
[20:19:39] [User Authenticator #1/INFO]: UUID of player T1eKung is 14f24e3c-c410-3806-a4b9-acd4127b43a1
[20:19:39] [Server thread/INFO]: T1eKung joined the game
[20:19:39] [Server thread/INFO]: T1eKung[/127.0.0.1:59448] logged in with entity id 161 at ([world]-7.5, 101.0, -1.5)
[20:20:15] [Server thread/INFO]: T1eKung lost connection: Disconnected
[20:20:15] [Server thread/INFO]: T1eKung left the game
[20:20:17] [Server thread/INFO]: Stopping the server
[20:20:17] [Server thread/INFO]: Stopping server
[20:20:17] [Server thread/INFO]: [Geyser-Spigot] Disabling Geyser-Spigot v2.1.1-SNAPSHOT
[20:20:17] [Server thread/INFO]: [Geyser-Spigot] Shutting down Geyser.
[20:20:17] [Server thread/INFO]: [Geyser-Spigot] Geyser shutdown successfully.
[20:20:17] [Server thread/INFO]: Saving players
[20:20:17] [Server thread/INFO]: Saving worlds
[20:20:19] [Server thread/INFO]: Saving chunks for level 'ServerLevel[world]'/minecraft:overworld
[20:20:19] [Server thread/INFO]: Saving chunks for level 'ServerLevel[world_nether]'/minecraft:the_nether
[20:20:19] [Server thread/INFO]: Saving chunks for level 'ServerLevel[world_the_end]'/minecraft:the_end
[20:20:19] [Server thread/INFO]: ThreadedAnvilChunkStorage (world): All chunks are saved
[20:20:19] [Server thread/INFO]: ThreadedAnvilChunkStorage (DIM-1): All chunks are saved
[20:20:19] [Server thread/INFO]: ThreadedAnvilChunkStorage (DIM1): All chunks are saved
[20:20:19] [Server thread/INFO]: ThreadedAnvilChunkStorage: All dimensions are saved
